<?xml version="1.0" encoding="UTF-8"?>
<!-- Generated by org.testng.reporters.JUnitReportReporter -->
<testsuite hostname="Ameet" failures="0" tests="1" name="testcases.substore_testcase" time="8.057" errors="0" timestamp="2024-10-21T11:04:07 IST" skipped="0">
  <testcase classname="testcases.substore_testcase" name="verifyGetPostById" time="8.057"/>
</testsuite> <!-- testcases.substore_testcase -->
